JvmtiExport can_access_local_variables 0
JvmtiExport can_hotswap_or_post_breakpoint 0
JvmtiExport can_post_on_exceptions 0
# 375 ciObject found
ciMethod java/lang/Object <init> ()V 4097 1 70895 0 0
ciMethod java/lang/String <init> ([C)V 2193 1 5041 0 -1
ciMethod java/lang/String <init> ([CII)V 2033 1 5394 0 -1
ciMethod java/lang/String length ()I 4097 1 53745 0 -1
ciMethod java/lang/String charAt (I)C 4097 1 564502 0 -1
ciMethod java/lang/String equalsIgnoreCase (Ljava/lang/String;)Z 2049 1 4706 0 -1
ciMethod java/lang/String regionMatches (ZILjava/lang/String;II)Z 713 1169 2153 0 -1
ciMethod java/lang/String startsWith (Ljava/lang/String;I)Z 2321 697 5570 0 224
ciMethod java/lang/String startsWith (Ljava/lang/String;)Z 2337 1 17366 0 192
ciMethod java/lang/String endsWith (Ljava/lang/String;)Z 1297 1 4580 0 0
ciMethod java/lang/String indexOf (II)I 889 24889 890 0 -1
ciMethod java/lang/String indexOf (Ljava/lang/String;)I 2073 1 1824 0 -1
ciMethod java/lang/String substring (II)Ljava/lang/String; 3121 1 5532 0 -1
ciMethod java/lang/String toLowerCase ()Ljava/lang/String; 2073 1 885 0 -1
ciMethod java/lang/String toCharArray ()[C 2049 1 5937 0 0
ciMethod java/lang/System getSecurityManager ()Ljava/lang/SecurityManager; 2073 1 2608 0 -1
ciMethod java/lang/System arraycopy (Ljava/lang/Object;ILjava/lang/Object;II)V 5121 1 640 0 -1
ciMethod java/lang/SecurityManager checkPermission (Ljava/security/Permission;)V 0 0 1 0 -1
ciMethod java/lang/SecurityManager checkRead (Ljava/lang/String;)V 0 0 1 0 -1
ciMethod java/lang/SecurityManager checkConnect (Ljava/lang/String;I)V 0 0 1 0 -1
ciMethod java/nio/Buffer position ()I 1137 1 142 0 0
ciMethod java/nio/Buffer position (I)Ljava/nio/Buffer; 2065 1 5379 0 -1
ciMethod java/nio/Buffer remaining ()I 2049 1 2079 0 -1
ciMethod java/nio/Buffer hasRemaining ()Z 2049 1 2635 0 -1
ciMethod java/lang/Character isSurrogate (C)Z 617 1 3281 0 -1
ciMethod java/lang/Byte toUnsignedInt (B)I 0 0 84 0 -1
ciMethod java/security/Permission getName ()Ljava/lang/String; 705 1 88 0 -1
ciMethod java/security/Permission getActions ()Ljava/lang/String; 0 0 1 0 -1
ciMethod java/security/AccessController doPrivileged (Ljava/security/PrivilegedExceptionAction;)Ljava/lang/Object; 2057 1 257 4 -1
ciMethod java/util/AbstractCollection <init> ()V 601 1 2697 0 0
ciMethod java/util/Stack pop ()Ljava/lang/Object; 177 1 186 0 -1
ciMethod java/util/Stack empty ()Z 393 1 598 0 -1
ciMethod java/lang/Math min (II)I 3577 1 32149 0 -1
ciMethod java/util/Set add (Ljava/lang/Object;)Z 0 0 1 0 -1
ciMethod java/util/AbstractSet <init> ()V 185 1 752 0 0
ciMethod java/util/AbstractMap <init> ()V 657 1 1836 0 0
ciMethod java/util/Objects requireNonNull (Ljava/lang/Object;Ljava/lang/String;)Ljava/lang/Object; 2049 1 658 0 0
ciMethod java/util/ArrayList size ()I 1097 1 137 0 -1
ciMethod java/util/ArrayList get (I)Ljava/lang/Object; 2961 1 5619 0 -1
ciMethod java/util/ArrayList add (Ljava/lang/Object;)Z 1409 1 5093 0 -1
ciMethod java/util/HashMap <init> ()V 273 1 859 0 0
ciMethod java/util/HashMap get (Ljava/lang/Object;)Ljava/lang/Object; 2057 1 5518 0 -1
ciMethod java/util/HashMap containsKey (Ljava/lang/Object;)Z 2049 1 460 0 -1
ciMethod java/util/HashMap put (Ljava/lang/Object;Ljava/lang/Object;)Ljava/lang/Object; 2089 1 5431 0 -1
ciMethod java/nio/charset/Charset atBugLevel (Ljava/lang/String;)Z 2049 1 433 0 -1
ciMethod java/nio/charset/Charset newEncoder ()Ljava/nio/charset/CharsetEncoder; 0 0 1 0 -1
ciMethod java/util/Arrays copyOf ([BI)[B 2049 1 7383 0 0
ciMethod sun/nio/cs/ArrayEncoder encode ([CII[B)I 0 0 1 0 -1
ciMethod java/nio/charset/CharsetEncoder <init> (Ljava/nio/charset/Charset;FF[B)V 2177 1 353 0 -1
ciMethod java/nio/charset/CharsetEncoder <init> (Ljava/nio/charset/Charset;FF)V 2177 1 353 0 -1
ciMethod java/nio/charset/CharsetEncoder replaceWith ([B)Ljava/nio/charset/CharsetEncoder; 2841 1 353 0 -1
ciMethod java/nio/charset/CharsetEncoder implReplaceWith ([B)V 0 0 1 0 -1
ciMethod java/nio/charset/CharsetEncoder isLegalReplacement ([B)Z 0 0 1 0 -1
ciMethod java/nio/charset/CharsetEncoder onMalformedInput (Ljava/nio/charset/CodingErrorAction;)Ljava/nio/charset/CharsetEncoder; 97 1 353 0 0
ciMethod java/nio/charset/CharsetEncoder implOnMalformedInput (Ljava/nio/charset/CodingErrorAction;)V 97 1 353 0 0
ciMethod java/nio/charset/CharsetEncoder onUnmappableCharacter (Ljava/nio/charset/CodingErrorAction;)Ljava/nio/charset/CharsetEncoder; 97 1 353 0 0
ciMethod java/nio/charset/CharsetEncoder implOnUnmappableCharacter (Ljava/nio/charset/CodingErrorAction;)V 97 1 353 0 0
ciMethod java/nio/charset/CharsetEncoder maxBytesPerChar ()F 2049 1 5293 0 0
ciMethod java/nio/charset/CharsetEncoder encode (Ljava/nio/CharBuffer;Ljava/nio/ByteBuffer;Z)Ljava/nio/charset/CoderResult; 2049 1 2022 0 0
ciMethod java/nio/charset/CharsetEncoder flush (Ljava/nio/ByteBuffer;)Ljava/nio/charset/CoderResult; 0 0 1 0 0
ciMethod java/nio/charset/CharsetEncoder implFlush (Ljava/nio/ByteBuffer;)Ljava/nio/charset/CoderResult; 9 1 1 0 -1
ciMethod java/nio/charset/CharsetEncoder reset ()Ljava/nio/charset/CharsetEncoder; 2065 1 5048 0 0
ciMethod java/nio/charset/CharsetEncoder implReset ()V 2065 1 5082 0 0
ciMethod java/nio/charset/CharsetEncoder encodeLoop (Ljava/nio/CharBuffer;Ljava/nio/ByteBuffer;)Ljava/nio/charset/CoderResult; 0 0 1 0 -1
ciMethod java/nio/charset/CharsetEncoder throwIllegalStateException (II)V 0 0 1 0 -1
ciMethod java/nio/ByteBuffer wrap ([BII)Ljava/nio/ByteBuffer; 0 0 1 0 -1
ciMethod java/nio/ByteBuffer wrap ([B)Ljava/nio/ByteBuffer; 0 0 1 0 0
ciMethod java/nio/ByteBuffer put ([B)Ljava/nio/ByteBuffer; 0 0 1 0 -1
ciMethodData java/lang/Object <init> ()V 2 70895 orig 264 184 158 64 95 0 0 0 0 136 4 148 7 0 0 0 0 32 1 0 0 0 0 0 0 0 0 0 0 0 0 0 0 0 0 0 0 0 0 0 0 0 0 0 0 0 0 0 0 0 0 0 0 0 0 0 0 0 0 0 0 0 0 0 0 0 0 0 0 0 0 0 0 0 0 0 0 0 0 0 0 77 68 79 32 101 120 116 114 97 32 100 97 116 97 32 108 111 99 107 0 0 0 0 0 0 0 0 0 0 0 0 0 0 0 0 0 0 0 0 0 0 0 0 0 0 0 0 0 0 0 0 0 0 0 0 0 0 0 0 0 0 0 0 0 0 0 0 0 0 0 0 0 0 0 0 0 0 0 0 0 0 0 0 0 0 0 0 0 0 0 0 0 0 0 0 0 0 0 0 0 0 0 0 0 1 0 0 0 0 0 0 0 1 0 0 0 0 0 0 0 1 0 0 0 0 0 0 0 0 0 0 0 0 0 0 0 0 2 0 0 121 151 8 0 1 0 0 0 0 0 0 0 0 0 0 0 2 0 0 0 0 0 3 0 3 0 0 0 0 0 0 0 255 255 255 255 0 0 0 0 0 0 0 0 data 0 oops 0
ciMethod java/lang/IllegalArgumentException <init> (Ljava/lang/String;)V 0 0 1 0 -1
ciMethod sun/misc/MetaIndex mayContain (Ljava/lang/String;)Z 2113 9329 3354 0 544
ciMethod sun/nio/cs/ArrayDecoder decode ([BII[C)I 0 0 1 0 -1
ciMethod java/nio/charset/CharsetDecoder maxCharsPerByte ()F 2073 1 1735 0 -1
ciMethod java/nio/charset/CharsetDecoder decode (Ljava/nio/ByteBuffer;Ljava/nio/CharBuffer;Z)Ljava/nio/charset/CoderResult; 849 1 598 0 -1
ciMethod java/nio/charset/CharsetDecoder flush (Ljava/nio/CharBuffer;)Ljava/nio/charset/CoderResult; 801 1 564 0 -1
ciMethod java/nio/charset/CharsetDecoder reset ()Ljava/nio/charset/CharsetDecoder; 2873 1 1302 0 -1
ciMethod java/nio/CharBuffer wrap ([CII)Ljava/nio/CharBuffer; 2049 1 2044 0 -1
ciMethod java/nio/CharBuffer wrap ([C)Ljava/nio/CharBuffer; 0 0 1 0 0
ciMethod java/nio/charset/CoderResult isUnderflow ()Z 2049 1 5242 0 0
ciMethod java/nio/charset/CoderResult isOverflow ()Z 2273 1 2620 0 -1
ciMethod java/nio/charset/CoderResult isMalformed ()Z 0 0 1 0 -1
ciMethod java/nio/charset/CoderResult isUnmappable ()Z 0 0 1 0 -1
ciMethod java/nio/charset/CoderResult length ()I 0 0 1 0 -1
ciMethod java/nio/charset/CoderResult malformedForLength (I)Ljava/nio/charset/CoderResult; 0 0 1 0 -1
ciMethod sun/net/www/ParseUtil encodePath (Ljava/lang/String;Z)Ljava/lang/String; 961 49609 768 0 3936
ciMethod sun/net/www/ParseUtil escape ([CCI)I 161 1 24 0 -1
ciMethod java/util/BitSet get (I)Z 2017 1 1116 0 -1
ciMethod java/net/URL <init> (Ljava/net/URL;Ljava/lang/String;)V 2105 1 572 0 0
ciMethod java/net/URL <init> (Ljava/net/URL;Ljava/lang/String;Ljava/net/URLStreamHandler;)V 2049 7521 1030 0 -1
ciMethod java/net/URL isValidProtocol (Ljava/lang/String;)Z 553 1657 230 0 -1
ciMethod java/net/URL checkSpecifyHandler (Ljava/lang/SecurityManager;)V 0 0 1 0 -1
ciMethod java/net/URL getPort ()I 1033 1 129 0 -1
ciMethod java/net/URL getHost ()Ljava/lang/String; 1033 1 129 0 -1
ciMethod java/net/URL openConnection ()Ljava/net/URLConnection; 433 1 54 0 -1
ciMethod java/net/URL getURLStreamHandler (Ljava/lang/String;)Ljava/net/URLStreamHandler; 1057 25 385 0 -1
ciMethod java/net/URLStreamHandler parseURL (Ljava/net/URL;Ljava/lang/String;II)V 1881 1 235 0 -1
ciMethod java/util/HashSet <init> ()V 65 1 195 0 0
ciMethod sun/misc/URLClassPath getResource (Ljava/lang/String;Z)Lsun/misc/Resource; 2057 11993 2302 0 -1
ciMethod sun/misc/URLClassPath getLoader (I)Lsun/misc/URLClassPath$Loader; 3081 169 6017 0 6240
ciMethod sun/misc/URLClassPath getLoader (Ljava/net/URL;)Lsun/misc/URLClassPath$Loader; 169 1 151 2 -1
ciMethod sun/misc/URLClassPath push ([Ljava/net/URL;)V 25 169 10 0 -1
ciMethod sun/misc/URLClassPath check (Ljava/net/URL;)V 33 1 24 0 0
ciMethod sun/net/util/URLUtil urlNoFragString (Ljava/net/URL;)Ljava/lang/String; 193 1 202 0 -1
ciMethod sun/misc/URLClassPath$JarLoader ensureOpen ()V 273 1 3510 2 0
ciMethod sun/misc/URLClassPath$JarLoader getIndex ()Lsun/misc/JarIndex; 0 0 1 0 -1
ciMethod sun/misc/URLClassPath$JarLoader checkResource (Ljava/lang/String;ZLjava/util/jar/JarEntry;)Lsun/misc/Resource; 241 1 333 0 0
ciMethod sun/misc/URLClassPath$JarLoader validIndex (Ljava/lang/String;)Z 0 0 1 0 -1
ciMethod sun/misc/URLClassPath$JarLoader getResource (Ljava/lang/String;Z)Lsun/misc/Resource; 3161 1 7321 0 0
ciMethod sun/misc/URLClassPath$JarLoader getResource (Ljava/lang/String;ZLjava/util/Set;)Lsun/misc/Resource; 0 0 11 0 0
ciMethod sun/misc/URLClassPath$Loader getBaseURL ()Ljava/net/URL; 1025 1 128 0 0
ciMethod sun/misc/URLClassPath$Loader getResource (Ljava/lang/String;Z)Lsun/misc/Resource; 0 0 1 0 -1
ciMethod sun/misc/URLClassPath$Loader getClassPath ()[Ljava/net/URL; 0 0 1 0 -1
ciMethod java/util/zip/ZipFile getEntry (Ljava/lang/String;)Ljava/util/zip/ZipEntry; 2049 1 3741 0 0
ciMethod java/util/zip/ZipFile getEntry (J[BZ)J 3073 1 384 0 -1
ciMethod java/util/zip/ZipFile freeEntry (JJ)V 2057 1 257 0 -1
ciMethod java/util/zip/ZipFile getZipEntry (Ljava/lang/String;J)Ljava/util/zip/ZipEntry; 2057 1 846 0 0
ciMethod java/util/zip/ZipFile ensureOpen ()V 2049 1 5368 0 0
ciMethod java/util/zip/ZipFile getEntryTime (J)J 3081 1 385 0 -1
ciMethod java/util/zip/ZipFile getEntryCrc (J)J 5137 1 642 0 -1
ciMethod java/util/zip/ZipFile getEntryCSize (J)J 2049 1 256 0 -1
ciMethod java/util/zip/ZipFile getEntrySize (J)J 2049 1 256 0 -1
ciMethod java/util/zip/ZipFile getEntryMethod (J)I 2049 1 256 0 -1
ciMethod java/util/zip/ZipFile getEntryFlag (J)I 3081 1 385 0 -1
ciMethod java/util/zip/ZipFile getEntryBytes (JI)[B 2049 1 256 0 -1
ciMethod sun/nio/cs/UTF_8 newEncoder ()Ljava/nio/charset/CharsetEncoder; 2049 1 337 0 0
ciMethod java/security/PrivilegedActionException getException ()Ljava/lang/Exception; 1025 1 128 0 0
ciMethod sun/misc/URLClassPath$JarLoader$1 <init> (Lsun/misc/URLClassPath$JarLoader;)V 25 1 133 0 0
ciMethod java/util/jar/JarFile getJarEntry (Ljava/lang/String;)Ljava/util/jar/JarEntry; 265 1 3676 0 0
ciMethod java/util/jar/JarFile getEntry (Ljava/lang/String;)Ljava/util/zip/ZipEntry; 2057 1 3694 0 0
ciMethod java/util/zip/ZipCoder toString ([BI)Ljava/lang/String; 1273 1 162 0 0
ciMethod java/util/zip/ZipCoder getBytes (Ljava/lang/String;)[B 2057 1 5048 0 0
ciMethod java/util/zip/ZipCoder toStringUTF8 ([BI)Ljava/lang/String; 0 0 3 0 0
ciMethod java/util/zip/ZipCoder isUTF8 ()Z 1025 1 128 0 0
ciMethod java/util/zip/ZipCoder <init> (Ljava/nio/charset/Charset;)V 2049 1 336 0 -1
ciMethod java/util/zip/ZipCoder decoder ()Ljava/nio/charset/CharsetDecoder; 1297 1 162 0 -1
ciMethod java/util/zip/ZipCoder encoder ()Ljava/nio/charset/CharsetEncoder; 2057 1 5048 0 0
ciMethod sun/misc/JarIndex get (Ljava/lang/String;)Ljava/util/LinkedList; 89 1 11 0 -1
ciMethod sun/nio/cs/UTF_8$Encoder <init> (Ljava/nio/charset/Charset;)V 2049 1 337 0 -1
ciMethod sun/nio/cs/UTF_8$Encoder encode ([CII[B)I 1025 41409 890 0 -1
ciMethod sun/nio/cs/UTF_8$Encoder <init> (Ljava/nio/charset/Charset;Lsun/nio/cs/UTF_8$1;)V 2049 1 337 0 -1
ciMethod java/util/zip/ZipEntry <init> (Ljava/util/zip/ZipEntry;)V 913 1 652 0 0
ciMethod java/util/zip/ZipEntry <init> ()V 2065 1 848 0 0
ciMethod java/util/zip/ZipEntry setExtra0 ([BZ)V 2073 1 1307 0 0
ciMethod java/util/zip/ZipUtils winTimeToFileTime (J)Ljava/nio/file/attribute/FileTime; 0 0 1 0 -1
ciMethod java/util/zip/ZipUtils unixTimeToFileTime (J)Ljava/nio/file/attribute/FileTime; 0 0 1 0 -1
ciMethod java/util/zip/ZipUtils dosToJavaTime (J)J 2073 1 1309 0 0
ciMethod java/util/zip/ZipUtils get16 ([BI)I 0 0 42 0 -1
ciMethod java/util/zip/ZipUtils get32 ([BI)J 0 0 15 0 -1
ciMethod java/util/zip/ZipUtils get64 ([BI)J 0 0 1 0 -1
ciMethod java/util/Date <init> (IIIIII)V 3073 1 1309 0 -1
ciMethod java/util/Date getTime ()J 3105 1 1311 0 -1
ciMethod java/util/jar/JarFile$JarFileEntry <init> (Ljava/util/jar/JarFile;Ljava/util/zip/ZipEntry;)V 905 1 640 0 0
ciMethod java/util/jar/JarEntry <init> (Ljava/util/zip/ZipEntry;)V 913 1 652 0 0
ciMethod sun/misc/URLClassPath$JarLoader$2 <init> (Lsun/misc/URLClassPath$JarLoader;Ljava/lang/String;Ljava/net/URL;Ljava/util/jar/JarEntry;)V 2281 1 337 0 0
ciMethod sun/misc/Resource <init> ()V 2281 1 337 0 0
ciMethod java/net/URLConnection getPermission ()Ljava/security/Permission; 0 0 1 0 -1
ciMethodData java/lang/String startsWith (Ljava/lang/String;I)Z 2 6996 orig 264 184 158 64 95 0 0 0 0 120 77 148 7 0 0 0 0 176 1 0 0 32 0 0 0 0 0 0 0 0 0 0 0 0 0 0 0 0 0 0 0 0 0 0 0 0 0 0 0 0 0 0 0 0 0 0 0 0 0 0 0 0 0 0 0 0 0 0 0 0 0 0 0 0 0 0 0 0 0 0 0 77 68 79 32 101 120 116 114 97 32 100 97 116 97 32 108 111 99 107 0 0 0 0 0 0 0 0 0 0 0 0 0 0 0 0 0 0 0 0 0 0 0 0 0 0 0 0 0 0 0 0 0 0 0 0 0 0 0 0 0 0 0 0 0 0 0 0 0 0 0 0 0 0 0 0 0 0 0 0 0 0 0 0 0 0 0 0 0 0 0 0 0 0 0 0 0 0 0 0 0 0 0 0 0 0 0 0 0 0 0 0 0 0 0 0 0 0 0 0 0 0 0 0 0 0 0 0 0 0 0 0 0 0 0 0 0 34 1 0 0 1 165 0 0 233 215 0 0 0 0 0 0 0 0 0 0 2 0 0 0 1 0 13 0 4 0 1 0 128 0 0 0 255 255 255 255 7 0 25 0 0 0 0 0 data 16 0x190007 0x0 0x40 0x14a0 0x250007 0x13f9 0x20 0xa7 0x2f0007 0x156 0x40 0x1b01 0x410007 0x85e 0xffffffffffffffe0 0x12a3 oops 0
ciMethodData java/lang/String startsWith (Ljava/lang/String;)Z 2 17369 orig 264 184 158 64 95 0 0 0 0 16 78 148 7 0 0 0 0 128 1 0 0 0 0 0 0 0 0 0 0 0 0 0 0 0 0 0 0 0 0 0 0 0 0 0 0 0 0 0 0 0 0 0 0 0 0 0 0 0 0 0 0 0 0 0 0 0 0 0 0 0 0 0 0 0 0 0 0 0 0 0 0 77 68 79 32 101 120 116 114 97 32 100 97 116 97 32 108 111 99 107 0 0 0 0 0 0 0 0 0 0 0 0 0 0 0 0 0 0 0 0 0 0 0 0 0 0 0 0 0 0 0 0 0 0 0 0 0 0 0 0 0 0 0 0 0 0 0 0 0 0 0 0 0 0 0 0 0 0 0 0 0 0 0 0 0 0 0 0 0 0 0 0 0 0 0 0 0 0 0 0 0 0 0 0 0 0 0 0 0 0 0 0 0 0 0 0 0 0 0 0 0 0 0 0 0 0 0 0 0 0 0 0 0 0 0 0 0 36 1 0 0 169 21 2 0 1 0 0 0 0 0 0 0 0 0 0 0 2 0 0 0 0 0 3 0 4 0 1 0 48 0 0 0 255 255 255 255 5 0 3 0 0 0 0 0 data 6 0x30005 0x2 0x2879c00 0x42b3 0x0 0x0 oops 1